This is e-pTeX, Version 3.14159265-p3.8.1-180518-2.6 (utf8.sjis) (TeX Live 2018/W32TeX) (preloaded format=platex 2018.7.29)  16 AUG 2019 01:26
entering extended mode
 restricted \write18 enabled.
 %&-line parsing enabled.
**sample_booth.tex
(./sample_booth.tex
pLaTeX2e <2018-07-28> (based on LaTeX2e <2018-04-01> patch level 5)
(c:/w32tex/share/texmf-dist/tex/platex/jsclasses/jsbook.cls
Document Class: jsbook 2018/06/23 jsclasses (okumura, texjporg)
\jsc@mpt=\dimen118
\jsc@mmm=\dimen119
\jsc@smallskipamount=\skip41
LaTeX Info: Redefining \rmfamily on input line 471.
LaTeX Info: Redefining \sffamily on input line 474.
LaTeX Info: Redefining \ttfamily on input line 477.
LaTeX Info: Redefining \textmc on input line 481.
LaTeX Info: Redefining \textgt on input line 483.
\symmincho=\mathgroup4
LaTeX Font Info:    Overwriting symbol font `mincho' in version `bold'
(Font)                  JY1/mc/m/n --> JY1/gt/m/n on input line 545.
LaTeX Font Info:    Font shape `JT1/mc/m/n' will be
(Font)              scaled to size 9.60999pt on input line 736.
LaTeX Font Info:    Font shape `JY1/mc/m/n' will be
(Font)              scaled to size 9.60999pt on input line 736.
\fullwidth=\dimen120
LaTeX Font Info:    Font shape `JT1/mc/m/n' will be
(Font)              scaled to size 7.68799pt on input line 897.
LaTeX Font Info:    Font shape `JY1/mc/m/n' will be
(Font)              scaled to size 7.68799pt on input line 897.
\c@part=\count83
\c@chapter=\count84
\c@section=\count85
\c@subsection=\count86
\c@subsubsection=\count87
\c@paragraph=\count88
\c@subparagraph=\count89
\c@figure=\count90
\c@table=\count91
\abovecaptionskip=\skip42
\belowcaptionskip=\skip43
\jsc@tocl@width=\dimen121
\@lnumwidth=\dimen122
\bibindent=\dimen123
(c:/w32tex/share/texmf-dist/tex/platex/jsclasses/jslogo.sty
Package: jslogo 2017/02/24 okumura, texjporg
LaTeX Info: Redefining \TeX on input line 94.
LaTeX Info: Redefining \LaTeX on input line 147.
LaTeX Info: Redefining \LaTeXe on input line 200.
)
\heisei=\count92
)
(c:/w32tex/share/texmf-dist/tex/latex/geometry/geometry.sty
Package: geometry 2018/04/16 v5.8 Page Geometry

(c:/w32tex/share/texmf-dist/tex/latex/graphics/keyval.sty
Package: keyval 2014/10/28 v1.15 key=value parser (DPC)
\KV@toks@=\toks15
)
(c:/w32tex/share/texmf-dist/tex/generic/oberdiek/ifpdf.sty
Package: ifpdf 2017/03/15 v3.2 Provides the ifpdf switch
)
(c:/w32tex/share/texmf-dist/tex/generic/oberdiek/ifvtex.sty
Package: ifvtex 2016/05/16 v1.6 Detect VTeX and its facilities (HO)
Package ifvtex Info: VTeX not detected.
)
(c:/w32tex/share/texmf-dist/tex/generic/ifxetex/ifxetex.sty
Package: ifxetex 2010/09/12 v0.6 Provides ifxetex conditional
)
\Gm@cnth=\count93
\Gm@cntv=\count94
\c@Gm@tempcnt=\count95
\Gm@bindingoffset=\dimen124
\Gm@wd@mp=\dimen125
\Gm@odd@mp=\dimen126
\Gm@even@mp=\dimen127
\Gm@layoutwidth=\dimen128
\Gm@layoutheight=\dimen129
\Gm@layouthoffset=\dimen130
\Gm@layoutvoffset=\dimen131
\Gm@dimlist=\toks16

(c:/w32tex/share/texmf-dist/tex/latex/geometry/geometry.cfg))
(c:/w32tex/share/texmf-dist/tex/latex/graphics/graphicx.sty
Package: graphicx 2017/06/01 v1.1a Enhanced LaTeX Graphics (DPC,SPQR)

(c:/w32tex/share/texmf-dist/tex/latex/graphics/graphics.sty
Package: graphics 2017/06/25 v1.2c Standard LaTeX Graphics (DPC,SPQR)

(c:/w32tex/share/texmf-dist/tex/latex/graphics/trig.sty
Package: trig 2016/01/03 v1.10 sin cos tan (DPC)
)
(c:/w32tex/share/texmf-dist/tex/latex/graphics-cfg/graphics.cfg
File: graphics.cfg 2016/06/04 v1.11 sample graphics configuration
)
Package graphics Info: Driver file: dvipdfmx.def on input line 99.

(c:/w32tex/share/texmf-dist/tex/latex/graphics-def/dvipdfmx.def
File: dvipdfmx.def 2017/06/24 v5.0g Graphics/color driver for dvipdfmx
))
\Gin@req@height=\dimen132
\Gin@req@width=\dimen133
)
(c:/w32tex/share/texmf-dist/tex/latex/tools/enumerate.sty
Package: enumerate 2015/07/23 v3.00 enumerate extensions (DPC)
\@enLab=\toks17
)
(c:/w32tex/share/texmf-dist/tex/latex/amsfonts/amssymb.sty
Package: amssymb 2013/01/14 v3.01 AMS font symbols

(c:/w32tex/share/texmf-dist/tex/latex/amsfonts/amsfonts.sty
Package: amsfonts 2013/01/14 v3.01 Basic AMSFonts support
\@emptytoks=\toks18
\symAMSa=\mathgroup5
\symAMSb=\mathgroup6
LaTeX Font Info:    Overwriting math alphabet `\mathfrak' in version `bold'
(Font)                  U/euf/m/n --> U/euf/b/n on input line 106.
))
(c:/w32tex/share/texmf-dist/tex/latex/amsmath/amsmath.sty
Package: amsmath 2017/09/02 v2.17a AMS math features
\@mathmargin=\skip44

For additional information on amsmath, use the `?' option.
(c:/w32tex/share/texmf-dist/tex/latex/amsmath/amstext.sty
Package: amstext 2000/06/29 v2.01 AMS text

(c:/w32tex/share/texmf-dist/tex/latex/amsmath/amsgen.sty
File: amsgen.sty 1999/11/30 v2.0 generic functions
\@emptytoks=\toks19
\ex@=\dimen134
))
(c:/w32tex/share/texmf-dist/tex/latex/amsmath/amsbsy.sty
Package: amsbsy 1999/11/29 v1.2d Bold Symbols
\pmbraise@=\dimen135
)
(c:/w32tex/share/texmf-dist/tex/latex/amsmath/amsopn.sty
Package: amsopn 2016/03/08 v2.02 operator names
)
\inf@bad=\count96
LaTeX Info: Redefining \frac on input line 213.
\uproot@=\count97
\leftroot@=\count98
LaTeX Info: Redefining \overline on input line 375.
\classnum@=\count99
\DOTSCASE@=\count100
LaTeX Info: Redefining \ldots on input line 472.
LaTeX Info: Redefining \dots on input line 475.
LaTeX Info: Redefining \cdots on input line 596.
\Mathstrutbox@=\box42
\strutbox@=\box43
\big@size=\dimen136
LaTeX Font Info:    Redeclaring font encoding OML on input line 712.
LaTeX Font Info:    Redeclaring font encoding OMS on input line 713.
\macc@depth=\count101
\c@MaxMatrixCols=\count102
\dotsspace@=\muskip10
\c@parentequation=\count103
\dspbrk@lvl=\count104
\tag@help=\toks20
\row@=\count105
\column@=\count106
\maxfields@=\count107
\andhelp@=\toks21
\eqnshift@=\dimen137
\alignsep@=\dimen138
\tagshift@=\dimen139
\tagwidth@=\dimen140
\totwidth@=\dimen141
\lineht@=\dimen142
\@envbody=\toks22
\multlinegap=\skip45
\multlinetaggap=\skip46
\mathdisplay@stack=\toks23
LaTeX Info: Redefining \[ on input line 2817.
LaTeX Info: Redefining \] on input line 2818.
)
(c:/w32tex/share/texmf-dist/tex/latex/amscls/amsthm.sty
Package: amsthm 2017/10/31 v2.20.4
\thm@style=\toks24
\thm@bodyfont=\toks25
\thm@headfont=\toks26
\thm@notefont=\toks27
\thm@headpunct=\toks28
\thm@preskip=\skip47
\thm@postskip=\skip48
\thm@headsep=\skip49
\dth@everypar=\toks29
)
(c:/w32tex/share/texmf-dist/tex/latex/fancyhdr/fancyhdr.sty
Package: fancyhdr 2017/06/30 v3.9a Extensive control of page headers and footer
s
\f@nch@headwidth=\skip50
\f@nch@O@elh=\skip51
\f@nch@O@erh=\skip52
\f@nch@O@olh=\skip53
\f@nch@O@orh=\skip54
\f@nch@O@elf=\skip55
\f@nch@O@erf=\skip56
\f@nch@O@olf=\skip57
\f@nch@O@orf=\skip58
)
(c:/w32tex/share/texmf-dist/tex/latex/bxpapersize/bxpapersize.sty
Package: bxpapersize 2017/10/08 v0.3b

(c:/w32tex/share/texmf-dist/tex/latex/xkeyval/xkeyval.sty
Package: xkeyval 2014/12/03 v2.7a package option processing (HA)

(c:/w32tex/share/texmf-dist/tex/generic/xkeyval/xkeyval.tex
(c:/w32tex/share/texmf-dist/tex/generic/xkeyval/xkvutils.tex
\XKV@toks=\toks30
\XKV@tempa@toks=\toks31
)
\XKV@depth=\count108
File: xkeyval.tex 2014/12/03 v2.7a key=value parser (HA)
))
(c:/w32tex/share/texmf-dist/tex/generic/oberdiek/atbegshi.sty
Package: atbegshi 2016/06/09 v1.18 At begin shipout hook (HO)

(c:/w32tex/share/texmf-dist/tex/generic/oberdiek/infwarerr.sty
Package: infwarerr 2016/05/16 v1.4 Providing info/warning/error messages (HO)
)
(c:/w32tex/share/texmf-dist/tex/generic/oberdiek/ltxcmds.sty
Package: ltxcmds 2016/05/16 v1.23 LaTeX kernel commands for general use (HO)
))
(c:/w32tex/share/texmf-dist/tex/generic/oberdiek/ifluatex.sty
Package: ifluatex 2016/05/16 v1.4 Provides the ifluatex switch (HO)
Package ifluatex Info: LuaTeX not detected.
)
\bxpr@dima=\dimen143
)
(c:/w32tex/share/texmf-dist/tex/platex/misc/emath/itembkbx.sty
Package: itembkbx 2005/10/02 v 0.16β

(c:/w32tex/share/texmf-dist/tex/jlatex/eclpkgs/eclbkbox.sty
\bk@bxb=\box44
\bk@bxa=\box45
\bk@lcnt=\count109
)
(c:/w32tex/share/texmf-dist/tex/platex/misc/emath/itembbox.sty
Package: itembbox 2004/08/10 v 0.19

(c:/w32tex/share/texmf-dist/tex/latex/ascmac/ascmac.sty
Package: ascmac 2018/03/09 v2.0h ascmac wrapper (community edition) 

(c:/w32tex/share/texmf-dist/tex/latex/ascmac/tascmac.sty
Package: tascmac 2018/03/09 v2.0h ascmac package (community edition) 
\@savetbaselineshift=\dimen144
\@saveybaselineshift=\dimen145
\scb@x=\box46
\scscb@x=\box47
\@bw=\dimen146
\@nbox=\box48
\@nbody=\box49
\@scw=\dimen147
\ascmac@hoboxa=\box50
\ascmac@hoboxb=\box51
\@itemh=\dimen148
\@iboxpos=\toks32
\@iboxstr=\box52
\@bwsp=\box53
\@@bwsp=\box54
\@bcal=\count110
\shaderule=\dimen149
))
\iboxpos@=\toks33
\sc@itemb@x=\box55
\sc@itemb@x@=\box56
\@itemw=\dimen150
\shaderule=\dimen151
\dblboxrule=\dimen152
\dblboxrulein=\dimen153
\dblboxsep=\dimen154
)
(c:/w32tex/share/texmf-dist/tex/platex/misc/emath/jquote.sty
Package: jquote 2005/10/31 v0.01
)
(c:/w32tex/share/texmf-dist/tex/platex/misc/emath/emathC.sty
Package: emathC 2005/09/03 v0.25

(c:/w32tex/share/texmf-dist/tex/latex/tools/calc.sty
Package: calc 2017/05/25 v4.3 Infix arithmetic (KKT,FJ)
\calc@Acount=\count111
\calc@Bcount=\count112
\calc@Adimen=\dimen155
\calc@Bdimen=\dimen156
\calc@Askip=\skip59
\calc@Bskip=\skip60
LaTeX Info: Redefining \setlength on input line 80.
LaTeX Info: Redefining \addtolength on input line 81.
\calc@Ccount=\count113
\calc@Cskip=\skip61
)
(c:/w32tex/share/texmf-dist/tex/latex/base/ifthen.sty
Package: ifthen 2014/09/29 v1.1c Standard LaTeX ifthen package (DPC)
)
\c@tempcnta=\count114
\templa=\dimen157
\emath@toks@=\toks34
\Sett@width=\dimen158
\EMcalc@A=\dimen159
)
\linesep=\dimen160
\itembkbx@dima=\dimen161
)
(c:/w32tex/share/texmf-dist/tex/latex/comment/comment.sty
\CommentStream=\write3

Excluding comment 'comment')
(c:/w32tex/share/texmf-dist/tex/latex/boxedminipage/boxedminipage.sty)
(c:/w32tex/share/texmf-dist/tex/platex/misc/niceframe/niceframe.sty
Package: niceframe 2009/31/08 v1.1c niceframe package (MO)

Package: niceframe v1.1c <2009/31/08> (Marcus Ohlhaut)
\nicefr@mechar=\skip62
\nicefr@mewidth=\skip63
\nicefr@meheight=\skip64
\@ldhsize=\skip65
\c@times=\count115
\fr@mecharTT=\skip66
\fr@mecharLL=\skip67
\fr@mewidth=\skip68
\fr@meheight=\skip69
) (c:/w32tex/share/texmf-dist/tex/platex/misc/refract/refract.sty
Package: refract 2001/06/22 fancy frames for fanzine package : Kathryn Andersen

\c@clet=\count116
\c@numchars=\count117
)
(c:/w32tex/share/texmf-dist/tex/latex/listings/listings.sty
\lst@mode=\count118
\lst@gtempboxa=\box57
\lst@token=\toks35
\lst@length=\count119
\lst@currlwidth=\dimen162
\lst@column=\count120
\lst@pos=\count121
\lst@lostspace=\dimen163
\lst@width=\dimen164
\lst@newlines=\count122
\lst@lineno=\count123
\lst@maxwidth=\dimen165

(c:/w32tex/share/texmf-dist/tex/latex/listings/lstmisc.sty
File: lstmisc.sty 2015/06/04 1.6 (Carsten Heinz)
\c@lstnumber=\count124
\lst@skipnumbers=\count125
\lst@framebox=\box58
)
(c:/w32tex/share/texmf-dist/tex/latex/listings/listings.cfg
File: listings.cfg 2015/06/04 1.6 listings configuration
))
Package: listings 2015/06/04 1.6 (Carsten Heinz)

(c:/w32tex/share/texmf-dist/tex/platex/misc/plistings/plistings.sty
Package: plistings 2015/10/13 v0.11 Japanese support of listings package

(c:/w32tex/share/texmf-dist/tex/latex/etoolbox/etoolbox.sty
Package: etoolbox 2018/02/11 v2.5e e-TeX tools for LaTeX (JAW)
\etb@tempcnta=\count126
)
\ltj@lst@frame@lslimit=\dimen166
\lst@inputfile=\read1
)
(c:/w32tex/share/texmf-dist/tex/latex/hyperref/hyperref.sty
Package: hyperref 2018/02/06 v6.86b Hypertext links for LaTeX

(c:/w32tex/share/texmf-dist/tex/generic/oberdiek/hobsub-hyperref.sty
Package: hobsub-hyperref 2016/05/16 v1.14 Bundle oberdiek, subset hyperref (HO)


(c:/w32tex/share/texmf-dist/tex/generic/oberdiek/hobsub-generic.sty
Package: hobsub-generic 2016/05/16 v1.14 Bundle oberdiek, subset generic (HO)
Package: hobsub 2016/05/16 v1.14 Construct package bundles (HO)
Package hobsub Info: Skipping package `infwarerr' (already loaded).
Package hobsub Info: Skipping package `ltxcmds' (already loaded).
Package hobsub Info: Skipping package `ifluatex' (already loaded).
Package hobsub Info: Skipping package `ifvtex' (already loaded).
Package: intcalc 2016/05/16 v1.2 Expandable calculations with integers (HO)
Package hobsub Info: Skipping package `ifpdf' (already loaded).
Package: etexcmds 2016/05/16 v1.6 Avoid name clashes with e-TeX commands (HO)
Package: kvsetkeys 2016/05/16 v1.17 Key value parser (HO)
Package: kvdefinekeys 2016/05/16 v1.4 Define keys (HO)
Package: pdftexcmds 2018/01/30 v0.27 Utility functions of pdfTeX for LuaTeX (HO
)
Package pdftexcmds Info: LuaTeX not detected.
Package pdftexcmds Info: pdfTeX >= 1.30 not detected.
Package pdftexcmds Info: \pdf@primitive is available.
Package pdftexcmds Info: \pdf@ifprimitive is available.
Package pdftexcmds Info: \pdfdraftmode not found.
Package: pdfescape 2016/05/16 v1.14 Implements pdfTeX's escape features (HO)
Package: bigintcalc 2016/05/16 v1.4 Expandable calculations on big integers (HO
)
Package: bitset 2016/05/16 v1.2 Handle bit-vector datatype (HO)
Package: uniquecounter 2016/05/16 v1.3 Provide unlimited unique counter (HO)
)
Package hobsub Info: Skipping package `hobsub' (already loaded).
Package: letltxmacro 2016/05/16 v1.5 Let assignment for LaTeX macros (HO)
Package: hopatch 2016/05/16 v1.3 Wrapper for package hooks (HO)
Package: xcolor-patch 2016/05/16 xcolor patch
Package: atveryend 2016/05/16 v1.9 Hooks at the very end of document (HO)
Package hobsub Info: Skipping package `atbegshi' (already loaded).
Package: refcount 2016/05/16 v3.5 Data extraction from label references (HO)
Package: hycolor 2016/05/16 v1.8 Color options for hyperref/bookmark (HO)
)
(c:/w32tex/share/texmf-dist/tex/latex/oberdiek/auxhook.sty
Package: auxhook 2016/05/16 v1.4 Hooks for auxiliary files (HO)
)
(c:/w32tex/share/texmf-dist/tex/latex/oberdiek/kvoptions.sty
Package: kvoptions 2016/05/16 v3.12 Key value format for package options (HO)
)
\@linkdim=\dimen167
\Hy@linkcounter=\count127
\Hy@pagecounter=\count128

(c:/w32tex/share/texmf-dist/tex/latex/hyperref/pd1enc.def
File: pd1enc.def 2018/02/06 v6.86b Hyperref: PDFDocEncoding definition (HO)
Now handling font encoding PD1 ...
... no UTF-8 mapping file for font encoding PD1
)
\Hy@SavedSpaceFactor=\count129

(c:/w32tex/share/texmf-dist/tex/latex/config/hyperref.cfg
File: hyperref.cfg 2002/06/06 v1.2 hyperref configuration of TeXLive
)
Package hyperref Info: Hyper figures OFF on input line 4509.
Package hyperref Info: Link nesting OFF on input line 4514.
Package hyperref Info: Hyper index ON on input line 4517.
Package hyperref Info: Plain pages OFF on input line 4524.
Package hyperref Info: Backreferencing OFF on input line 4529.
Package hyperref Info: Implicit mode ON; LaTeX internals redefined.
Package hyperref Info: Bookmarks ON on input line 4762.
\c@Hy@tempcnt=\count130

(c:/w32tex/share/texmf-dist/tex/latex/url/url.sty
\Urlmuskip=\muskip11
Package: url 2013/09/16  ver 3.4  Verb mode for urls, etc.
)
LaTeX Info: Redefining \url on input line 5115.
\XeTeXLinkMargin=\dimen168
\Fld@menulength=\count131
\Field@Width=\dimen169
\Fld@charsize=\dimen170
Package hyperref Info: Hyper figures OFF on input line 6369.
Package hyperref Info: Link nesting OFF on input line 6374.
Package hyperref Info: Hyper index ON on input line 6377.
Package hyperref Info: backreferencing OFF on input line 6384.
Package hyperref Info: Link coloring OFF on input line 6389.
Package hyperref Info: Link coloring with OCG OFF on input line 6394.
Package hyperref Info: PDF/A mode OFF on input line 6399.
LaTeX Info: Redefining \ref on input line 6439.
LaTeX Info: Redefining \pageref on input line 6443.
\Hy@abspage=\count132
\c@Item=\count133
\c@Hfootnote=\count134
)
Package hyperref Info: Driver: hdvipdfm.

(c:/w32tex/share/texmf-dist/tex/latex/hyperref/hdvipdfm.def
File: hdvipdfm.def 2018/02/06 v6.86b Hyperref driver for dvipdfm
\pdfm@box=\box59
\c@Hy@AnnotLevel=\count135
\HyField@AnnotCount=\count136
\Fld@listcount=\count137
\c@bookmark@seq@number=\count138

(c:/w32tex/share/texmf-dist/tex/latex/oberdiek/rerunfilecheck.sty
Package: rerunfilecheck 2016/05/16 v1.8 Rerun checks for auxiliary files (HO)
Package uniquecounter Info: New unique counter `rerunfilecheck' on input line 2
82.
)
\Hy@SectionHShift=\skip70
)
(c:/w32tex/share/texmf-dist/tex/latex/pxjahyper/pxjahyper.sty
Package: pxjahyper 2018/07/15 v0.3d
)
\c@Prop=\count139
\c@Prop2=\count140
\c@Exc=\count141
\c@myLem=\count142
\c@myClaim=\count143

(./sample_booth.aux)
\openout1 = `sample_booth.aux'.

LaTeX Font Info:    Checking defaults for OML/cmm/m/it on input line 85.
LaTeX Font Info:    ... okay on input line 85.
LaTeX Font Info:    Checking defaults for T1/cmr/m/n on input line 85.
LaTeX Font Info:    ... okay on input line 85.
LaTeX Font Info:    Checking defaults for OT1/cmr/m/n on input line 85.
LaTeX Font Info:    ... okay on input line 85.
LaTeX Font Info:    Checking defaults for OMS/cmsy/m/n on input line 85.
LaTeX Font Info:    ... okay on input line 85.
LaTeX Font Info:    Checking defaults for OMX/cmex/m/n on input line 85.
LaTeX Font Info:    ... okay on input line 85.
LaTeX Font Info:    Checking defaults for U/cmr/m/n on input line 85.
LaTeX Font Info:    ... okay on input line 85.
LaTeX Font Info:    Checking defaults for JY1/mc/m/n on input line 85.
LaTeX Font Info:    ... okay on input line 85.
LaTeX Font Info:    Checking defaults for JT1/mc/m/n on input line 85.
LaTeX Font Info:    ... okay on input line 85.
LaTeX Font Info:    Checking defaults for PD1/pdf/m/n on input line 85.
LaTeX Font Info:    ... okay on input line 85.

*geometry* detected driver: dvipdfm
*geometry* verbose mode - [ preamble ] result:
* driver: dvipdfm
* paper: b5j
* layout: <same size as paper>
* layoutoffset:(h,v)=(0.0pt,0.0pt)
* lines: 36
* hratio: 1:1
* vratio: 1:1
* modes: twoside truedimen 
* h-part:(L,W,R)=(19.15518pt, 434.60298pt, 19.1552pt)
* v-part:(T,H,B)=(47.51726pt, 572.76073pt, 47.51726pt)
* \paperwidth=517.82593pt
* \paperheight=731.22528pt
* \textwidth=434.60298pt
* \textheight=572.76073pt
* \oddsidemargin=-46.84456pt
* \evensidemargin=-46.84454pt
* \topmargin=-52.79332pt
* \headheight=20.0pt
* \headsep=14.31084pt
* \topskip=12.76073pt
* \footskip=0.0pt
* \marginparwidth=64.7281pt
* \marginparsep=18.49374pt
* \columnsep=18.49374pt
* \skip\footins=16.0pt plus 5.0pt minus 2.0pt
* \hoffset=0.00548pt
* \voffset=0.00548pt
* \mag=1095
* \@twocolumnfalse
* \@twosidetrue
* \@mparswitchtrue
* \@reversemarginfalse
* (1in=72.27pt=25.4mm, 1cm=28.453pt)

\AtBeginShipoutBox=\box60
\c@lstlisting=\count144
Package hyperref Info: Link coloring OFF on input line 85.
(c:/w32tex/share/texmf-dist/tex/latex/hyperref/nameref.sty
Package: nameref 2016/05/21 v2.44 Cross-referencing by name of section

(c:/w32tex/share/texmf-dist/tex/generic/oberdiek/gettitlestring.sty
Package: gettitlestring 2016/05/16 v1.5 Cleanup title references (HO)
)
\c@section@level=\count145
)
LaTeX Info: Redefining \ref on input line 85.
LaTeX Info: Redefining \pageref on input line 85.
LaTeX Info: Redefining \nameref on input line 85.

(./sample_booth.out) (./sample_booth.out)
\@outlinefile=\write4
\openout4 = `sample_booth.out'.

LaTeX Font Info:    Font shape `JT1/mc/m/n' will be
(Font)              scaled to size 16.60605pt on input line 88.
LaTeX Font Info:    Font shape `JY1/mc/m/n' will be
(Font)              scaled to size 16.60605pt on input line 88.
LaTeX Font Info:    Font shape `JT1/mc/m/n' will be
(Font)              scaled to size 11.53198pt on input line 88.
LaTeX Font Info:    Font shape `JY1/mc/m/n' will be
(Font)              scaled to size 11.53198pt on input line 88.
LaTeX Font Info:    Font shape `JY1/mc/m/n' will be
(Font)              scaled to size 5.76599pt on input line 88.
LaTeX Font Info:    Try loading font information for U+msa on input line 88.

(c:/w32tex/share/texmf-dist/tex/latex/amsfonts/umsa.fd
File: umsa.fd 2013/01/14 v3.01 AMS symbols A
)
LaTeX Font Info:    Try loading font information for U+msb on input line 88.

(c:/w32tex/share/texmf-dist/tex/latex/amsfonts/umsb.fd
File: umsb.fd 2013/01/14 v3.01 AMS symbols B
) [1


]
LaTeX Font Info:    Font shape `JT1/gt/m/n' will be
(Font)              scaled to size 9.60999pt on input line 89.
LaTeX Font Info:    Font shape `JY1/gt/m/n' will be
(Font)              scaled to size 9.60999pt on input line 89.
LaTeX Font Info:    Font shape `JT1/mc/m/n' will be
(Font)              scaled to size 23.90964pt on input line 89.
LaTeX Font Info:    Font shape `JY1/mc/m/n' will be
(Font)              scaled to size 23.90964pt on input line 89.
LaTeX Font Info:    Font shape `JT1/gt/m/n' will be
(Font)              scaled to size 23.90964pt on input line 89.
LaTeX Font Info:    Font shape `JY1/gt/m/n' will be
(Font)              scaled to size 23.90964pt on input line 89.
 (./sample_booth.toc
LaTeX Font Info:    Font shape `JY1/mc/m/n' will be
(Font)              scaled to size 6.72699pt on input line 1.
LaTeX Font Info:    Font shape `JY1/mc/m/n' will be
(Font)              scaled to size 4.805pt on input line 1.
)
\tf@toc=\write5
\openout5 = `sample_booth.toc'.

LaTeX Font Info:    Font shape `JT1/mc/bx/n' in size <10> not available
(Font)              Font shape `JT1/gt/m/n' tried instead on input line 90.
LaTeX Font Info:    Font shape `JT1/gt/m/n' will be
(Font)              scaled to size 9.60999pt on input line 90.
LaTeX Font Info:    Font shape `JY1/mc/bx/n' in size <10> not available
(Font)              Font shape `JY1/gt/m/n' tried instead on input line 90.
LaTeX Font Info:    Font shape `JY1/gt/m/n' will be
(Font)              scaled to size 9.60999pt on input line 90.
 [2

] (./prologue.tex
LaTeX Font Info:    Font shape `JT1/mc/m/n' will be
(Font)              scaled to size 13.83836pt on input line 1.
LaTeX Font Info:    Font shape `JY1/mc/m/n' will be
(Font)              scaled to size 13.83836pt on input line 1.
LaTeX Font Info:    Font shape `JT1/gt/m/n' will be
(Font)              scaled to size 13.83836pt on input line 1.
LaTeX Font Info:    Font shape `JY1/gt/m/n' will be
(Font)              scaled to size 13.83836pt on input line 1.
File: fig/rosia.png Graphic file (type bmp)
<fig/rosia.png>

Overfull \hbox (2.05777pt too wide) in paragraph at lines 5--5
[][] 
 []

File: fig/holmy.png Graphic file (type bmp)
<fig/holmy.png>

Overfull \hbox (2.05777pt too wide) in paragraph at lines 6--6
[][] 
 []

File: fig/rosia.png Graphic file (type bmp)
<fig/rosia.png>

Overfull \hbox (2.05777pt too wide) in paragraph at lines 7--7
[][] 
 []

File: fig/tsukino.png Graphic file (type bmp)
<fig/tsukino.png>

Overfull \hbox (2.05777pt too wide) in paragraph at lines 8--8
[][] 
 []

File: fig/rosia.png Graphic file (type bmp)
<fig/rosia.png>

Overfull \hbox (2.05777pt too wide) in paragraph at lines 9--9
[][] 
 []

File: fig/holmy.png Graphic file (type bmp)
<fig/holmy.png>

Overfull \hbox (2.05777pt too wide) in paragraph at lines 10--10
[][] 
 []

File: fig/jacklyn.png Graphic file (type bmp)
<fig/jacklyn.png>

Overfull \hbox (2.05777pt too wide) in paragraph at lines 11--11
[][] 
 []

File: fig/rosia.png Graphic file (type bmp)
<fig/rosia.png>

Overfull \hbox (2.05777pt too wide) in paragraph at lines 12--12
[][] 
 []

File: fig/holmy.png Graphic file (type bmp)
<fig/holmy.png>

Overfull \hbox (2.05777pt too wide) in paragraph at lines 13--13
[][] 
 []

File: fig/rosia.png Graphic file (type bmp)
<fig/rosia.png>

Overfull \hbox (2.05777pt too wide) in paragraph at lines 14--14
[][] 
 []

File: fig/jacklyn.png Graphic file (type bmp)
<fig/jacklyn.png>

Overfull \hbox (2.05777pt too wide) in paragraph at lines 15--15
[][] 
 []

File: fig/tsukino.png Graphic file (type bmp)
<fig/tsukino.png>

Overfull \hbox (2.05777pt too wide) in paragraph at lines 16--16
[][] 
 []

File: fig/rosia.png Graphic file (type bmp)
<fig/rosia.png>

Overfull \hbox (2.05777pt too wide) in paragraph at lines 17--17
[][] 
 []

File: fig/holmy.png Graphic file (type bmp)
<fig/holmy.png>

Overfull \hbox (2.05777pt too wide) in paragraph at lines 19--19
[][] 
 []

File: fig/rosia.png Graphic file (type bmp)
<fig/rosia.png>

Overfull \hbox (2.05777pt too wide) in paragraph at lines 21--21
[][] 
 []

File: fig/holmy.png Graphic file (type bmp)
<fig/holmy.png>

Overfull \hbox (2.05777pt too wide) in paragraph at lines 22--22
[][] 
 []

File: fig/rosia.png Graphic file (type bmp)
<fig/rosia.png>

Overfull \hbox (2.05777pt too wide) in paragraph at lines 23--23
[][] 
 []

File: fig/tsukino.png Graphic file (type bmp)
<fig/tsukino.png>

Overfull \hbox (2.05777pt too wide) in paragraph at lines 24--24
[][] 
 []

File: fig/rosia.png Graphic file (type bmp)
<fig/rosia.png>

Overfull \hbox (2.05777pt too wide) in paragraph at lines 25--25
[][] 
 []

File: fig/jacklyn.png Graphic file (type bmp)
<fig/jacklyn.png>

Overfull \hbox (2.05777pt too wide) in paragraph at lines 26--26
[][] 
 []

File: fig/rosia.png Graphic file (type bmp)
<fig/rosia.png>

Overfull \hbox (2.05777pt too wide) in paragraph at lines 27--27
[][] 
 []

LaTeX Font Info:    Font shape `JT1/mc/m/n' will be
(Font)              scaled to size 6.72699pt on input line 27.
LaTeX Font Info:    Font shape `JT1/mc/m/n' will be
(Font)              scaled to size 5.76599pt on input line 28.
LaTeX Font Info:    Font shape `JT1/gt/m/n' will be
(Font)              scaled to size 7.68799pt on input line 29.
LaTeX Font Info:    Font shape `JY1/gt/m/n' will be
(Font)              scaled to size 7.68799pt on input line 29.
File: fig/jacklyn.png Graphic file (type bmp)
<fig/jacklyn.png>

Overfull \hbox (2.05777pt too wide) in paragraph at lines 30--30
[][] 
 []

File: fig/holmy.png Graphic file (type bmp)
<fig/holmy.png>

Overfull \hbox (2.05777pt too wide) in paragraph at lines 31--31
[][] 
 []

[3]
File: fig/lesson_start.png Graphic file (type bmp)
<fig/lesson_start.png>


Package Fancyhdr Warning: \footskip is too small (0.0pt): 
 Make it at least 11.19995pt.
 We now make it that large for the rest of the document.
 This may cause the page layout to be inconsistent, however.

[4]) (./section1_1.tex

Package hyperref Warning: Token not allowed in a PDF string (PDFDocEncoding):
(hyperref)                removing `math shift' on input line 1.


Package hyperref Warning: Token not allowed in a PDF string (PDFDocEncoding):
(hyperref)                removing `\heartsuit' on input line 1.


Package hyperref Warning: Token not allowed in a PDF string (PDFDocEncoding):
(hyperref)                removing `math shift' on input line 1.

LaTeX Font Info:    Font shape `JT1/gt/m/n' will be
(Font)              scaled to size 11.53198pt on input line 5.
LaTeX Font Info:    Font shape `JY1/gt/m/n' will be
(Font)              scaled to size 11.53198pt on input line 5.
File: fig/holmy.png Graphic file (type bmp)
<fig/holmy.png>

Overfull \hbox (2.05777pt too wide) in paragraph at lines 9--9
[][] 
 []

File: fig/jacklyn.png Graphic file (type bmp)
<fig/jacklyn.png>

Overfull \hbox (2.05777pt too wide) in paragraph at lines 10--10
[][] 
 []

File: fig/holmy.png Graphic file (type bmp)
<fig/holmy.png>

Overfull \hbox (2.05777pt too wide) in paragraph at lines 12--12
[][] 
 []

[5]
File: fig/1_1_vector.png Graphic file (type bmp)
<fig/1_1_vector.png>
File: fig/holmy.png Graphic file (type bmp)
<fig/holmy.png>

Overfull \hbox (2.05777pt too wide) in paragraph at lines 19--19
[][] 
 []

LaTeX Font Info:    Font shape `JY1/gt/m/n' will be
(Font)              scaled to size 6.72699pt on input line 19.
LaTeX Font Info:    Font shape `JY1/gt/m/n' will be
(Font)              scaled to size 4.805pt on input line 19.
File: fig/rosia.png Graphic file (type bmp)
<fig/rosia.png>

Overfull \hbox (2.05777pt too wide) in paragraph at lines 20--20
[][] 
 []

File: fig/holmy.png Graphic file (type bmp)
<fig/holmy.png>

Overfull \hbox (2.05777pt too wide) in paragraph at lines 23--23
[][] 
 []

File: fig/rosia.png Graphic file (type bmp)
<fig/rosia.png>

Overfull \hbox (2.05777pt too wide) in paragraph at lines 24--24
[][] 
 []

File: fig/holmy.png Graphic file (type bmp)
<fig/holmy.png>

Overfull \hbox (2.05777pt too wide) in paragraph at lines 29--29
[][] 
 []

File: fig/1_1_vector_sum_bw.png Graphic file (type bmp)
<fig/1_1_vector_sum_bw.png>
File: fig/tsukino.png Graphic file (type bmp)
<fig/tsukino.png>

Overfull \hbox (2.05777pt too wide) in paragraph at lines 33--33
[][] 
 []

File: fig/holmy.png Graphic file (type bmp)
<fig/holmy.png>

Overfull \hbox (2.05777pt too wide) in paragraph at lines 38--38
[][] 
 []

File: fig/tsukino.png Graphic file (type bmp)
<fig/tsukino.png>

Overfull \hbox (2.05777pt too wide) in paragraph at lines 40--40
[][] 
 []

File: fig/holmy.png Graphic file (type bmp)
<fig/holmy.png>

Overfull \hbox (2.05777pt too wide) in paragraph at lines 41--41
[][] 
 []


Package Fancyhdr Warning: \footskip is too small (0.0pt): 
 Make it at least 11.19995pt.
 We now make it that large for the rest of the document.
 This may cause the page layout to be inconsistent, however.

[6]
LaTeX Font Info:    Font shape `JT1/mc/m/it' in size <10> not available
(Font)              Font shape `JT1/mc/m/n' tried instead on input line 43.
LaTeX Font Info:    Font shape `JT1/mc/m/n' will be
(Font)              scaled to size 9.60999pt on input line 43.
LaTeX Font Info:    Font shape `JY1/mc/m/it' in size <10> not available
(Font)              Font shape `JY1/mc/m/n' tried instead on input line 43.
LaTeX Font Info:    Font shape `JY1/mc/m/n' will be
(Font)              scaled to size 9.60999pt on input line 43.
File: fig/1_1_vector_sum2.png Graphic file (type bmp)
<fig/1_1_vector_sum2.png>
File: fig/holmy.png Graphic file (type bmp)
<fig/holmy.png>

Overfull \hbox (2.05777pt too wide) in paragraph at lines 62--62
[][] 
 []

File: fig/rosia.png Graphic file (type bmp)
<fig/rosia.png>

Overfull \hbox (2.05777pt too wide) in paragraph at lines 63--63
[][] 
 []

File: fig/holmy.png Graphic file (type bmp)
<fig/holmy.png>

Overfull \hbox (2.05777pt too wide) in paragraph at lines 68--68
[][] 
 []

[7]
File: fig/holmy.png Graphic file (type bmp)
<fig/holmy.png>

Overfull \hbox (2.05777pt too wide) in paragraph at lines 82--82
[][] 
 []

File: fig/rosia.png Graphic file (type bmp)
<fig/rosia.png>

Overfull \hbox (2.05777pt too wide) in paragraph at lines 87--87
[][] 
 []

LaTeX Font Info:    Try loading font information for OMS+cmr on input line 88.
(c:/w32tex/share/texmf-dist/tex/latex/base/omscmr.fd
File: omscmr.fd 2014/09/29 v2.5h Standard LaTeX font definitions
)
LaTeX Font Info:    Font shape `OMS/cmr/m/n' in size <8> not available
(Font)              Font shape `OMS/cmsy/m/n' tried instead on input line 88.
File: fig/holmy.png Graphic file (type bmp)
<fig/holmy.png>

Overfull \hbox (2.05777pt too wide) in paragraph at lines 98--98
[][] 
 []

File: fig/rosia.png Graphic file (type bmp)
<fig/rosia.png>

Overfull \hbox (2.05777pt too wide) in paragraph at lines 99--99
[][] 
 []

File: fig/holmy.png Graphic file (type bmp)
<fig/holmy.png>

Overfull \hbox (2.05777pt too wide) in paragraph at lines 108--108
[][] 
 []

File: fig/rosia.png Graphic file (type bmp)
<fig/rosia.png>

Overfull \hbox (2.05777pt too wide) in paragraph at lines 109--109
[][] 
 []

File: fig/holmy.png Graphic file (type bmp)
<fig/holmy.png>

Overfull \hbox (2.05777pt too wide) in paragraph at lines 112--112
[][] 
 []


Package Fancyhdr Warning: \footskip is too small (0.0pt): 
 Make it at least 11.19995pt.
 We now make it that large for the rest of the document.
 This may cause the page layout to be inconsistent, however.

[8]
File: fig/1_1_sincos.png Graphic file (type bmp)
<fig/1_1_sincos.png>
File: fig/holmy.png Graphic file (type bmp)
<fig/holmy.png>

Overfull \hbox (2.05777pt too wide) in paragraph at lines 121--121
[][] 
 []

File: fig/jacklyn.png Graphic file (type bmp)
<fig/jacklyn.png>

Overfull \hbox (2.05777pt too wide) in paragraph at lines 122--122
[][] 
 []

File: fig/rosia.png Graphic file (type bmp)
<fig/rosia.png>

Overfull \hbox (2.05777pt too wide) in paragraph at lines 123--123
[][] 
 []

File: fig/holmy.png Graphic file (type bmp)
<fig/holmy.png>

Overfull \hbox (2.05777pt too wide) in paragraph at lines 135--135
[][] 
 []

File: fig/jacklyn.png Graphic file (type bmp)
<fig/jacklyn.png>

Overfull \hbox (2.05777pt too wide) in paragraph at lines 139--139
[][] 
 []

File: fig/holmy.png Graphic file (type bmp)
<fig/holmy.png>

Overfull \hbox (2.05777pt too wide) in paragraph at lines 150--150
[][] 
 []

File: fig/rosia.png Graphic file (type bmp)
<fig/rosia.png>

Overfull \hbox (2.05777pt too wide) in paragraph at lines 151--151
[][] 
 []

File: fig/holmy.png Graphic file (type bmp)
<fig/holmy.png>

Overfull \hbox (2.05777pt too wide) in paragraph at lines 158--158
[][] 
 []

File: fig/jacklyn.png Graphic file (type bmp)
<fig/jacklyn.png>

Overfull \hbox (2.05777pt too wide) in paragraph at lines 159--159
[][] 
 []

[9]

Package Fancyhdr Warning: \footskip is too small (0.0pt): 
 Make it at least 11.19995pt.
 We now make it that large for the rest of the document.
 This may cause the page layout to be inconsistent, however.

[10]

Package hyperref Warning: Token not allowed in a PDF string (PDFDocEncoding):
(hyperref)                removing `math shift' on input line 160.


Package hyperref Warning: Token not allowed in a PDF string (PDFDocEncoding):
(hyperref)                removing `math shift' on input line 160.

File: fig/holmy.png Graphic file (type bmp)
<fig/holmy.png>

Overfull \hbox (2.05777pt too wide) in paragraph at lines 162--162
[][] 
 []

File: fig/tsukino.png Graphic file (type bmp)
<fig/tsukino.png>

Overfull \hbox (2.05777pt too wide) in paragraph at lines 163--163
[][] 
 []

File: fig/holmy.png Graphic file (type bmp)
<fig/holmy.png>

Overfull \hbox (2.05777pt too wide) in paragraph at lines 164--164
[][] 
 []

File: fig/jacklyn.png Graphic file (type bmp)
<fig/jacklyn.png>

Overfull \hbox (2.05777pt too wide) in paragraph at lines 165--165
[][] 
 []

File: fig/holmy.png Graphic file (type bmp)
<fig/holmy.png>

Overfull \hbox (2.05777pt too wide) in paragraph at lines 176--176
[][] 
 []

[11]
File: fig/holmy.png Graphic file (type bmp)
<fig/holmy.png>

Overfull \hbox (2.05777pt too wide) in paragraph at lines 201--201
[][] 
 []

File: fig/tsukino.png Graphic file (type bmp)
<fig/tsukino.png>

Overfull \hbox (2.05777pt too wide) in paragraph at lines 207--207
[][] 
 []

File: fig/jacklyn.png Graphic file (type bmp)
<fig/jacklyn.png>

Overfull \hbox (2.05777pt too wide) in paragraph at lines 208--208
[][] 
 []

File: fig/tsukino.png Graphic file (type bmp)
<fig/tsukino.png>

Overfull \hbox (2.05777pt too wide) in paragraph at lines 209--209
[][] 
 []

File: fig/holmy.png Graphic file (type bmp)
<fig/holmy.png>

Overfull \hbox (2.05777pt too wide) in paragraph at lines 210--210
[][] 
 []

File: fig/rosia.png Graphic file (type bmp)
<fig/rosia.png>

Overfull \hbox (2.05777pt too wide) in paragraph at lines 211--211
[][] 
 []

File: fig/holmy.png Graphic file (type bmp)
<fig/holmy.png>

Overfull \hbox (2.05777pt too wide) in paragraph at lines 212--212
[][] 
 []

File: fig/rosia.png Graphic file (type bmp)
<fig/rosia.png>

Overfull \hbox (2.05777pt too wide) in paragraph at lines 213--213
[][] 
 []

File: fig/holmy.png Graphic file (type bmp)
<fig/holmy.png>

Overfull \hbox (2.05777pt too wide) in paragraph at lines 219--219
[][] 
 []

File: fig/rosia.png Graphic file (type bmp)
<fig/rosia.png>

Overfull \hbox (2.05777pt too wide) in paragraph at lines 221--221
[][] 
 []

File: fig/holmy.png Graphic file (type bmp)
<fig/holmy.png>

Overfull \hbox (2.05777pt too wide) in paragraph at lines 224--224
[][] 
 []

File: fig/rosia.png Graphic file (type bmp)
<fig/rosia.png>

Overfull \hbox (2.05777pt too wide) in paragraph at lines 227--227
[][] 
 []

File: fig/rosia.png Graphic file (type bmp)
<fig/rosia.png>

Overfull \hbox (2.05777pt too wide) in paragraph at lines 240--240
[][] 
 []

File: fig/holmy.png Graphic file (type bmp)
<fig/holmy.png>

Overfull \hbox (2.05777pt too wide) in paragraph at lines 241--241
[][] 
 []

File: fig/jacklyn.png Graphic file (type bmp)
<fig/jacklyn.png>

Overfull \hbox (2.05777pt too wide) in paragraph at lines 242--242
[][] 
 []

File: fig/rosia.png Graphic file (type bmp)
<fig/rosia.png>

Overfull \hbox (2.05777pt too wide) in paragraph at lines 243--243
[][] 
 []

File: fig/holmy.png Graphic file (type bmp)
<fig/holmy.png>

Overfull \hbox (2.05777pt too wide) in paragraph at lines 245--245
[][] 
 []

File: fig/rosia.png Graphic file (type bmp)
<fig/rosia.png>

Overfull \hbox (2.05777pt too wide) in paragraph at lines 246--246
[][] 
 []

File: fig/holmy.png Graphic file (type bmp)
<fig/holmy.png>

Overfull \hbox (2.05777pt too wide) in paragraph at lines 249--249
[][] 
 []

File: fig/holmy.png Graphic file (type bmp)
<fig/holmy.png>

Overfull \hbox (2.05777pt too wide) in paragraph at lines 254--254
[][] 
 []

File: fig/jacklyn.png Graphic file (type bmp)
<fig/jacklyn.png>

Overfull \hbox (2.05777pt too wide) in paragraph at lines 255--255
[][] 
 []

File: fig/holmy.png Graphic file (type bmp)
<fig/holmy.png>

Overfull \hbox (2.05777pt too wide) in paragraph at lines 256--256
[][] 
 []


Package Fancyhdr Warning: \footskip is too small (0.0pt): 
 Make it at least 11.19995pt.
 We now make it that large for the rest of the document.
 This may cause the page layout to be inconsistent, however.

[12] [13]
File: fig/rosia.png Graphic file (type bmp)
<fig/rosia.png>

Overfull \hbox (2.05777pt too wide) in paragraph at lines 274--274
[][] 
 []

File: fig/tsukino.png Graphic file (type bmp)
<fig/tsukino.png>

Overfull \hbox (2.05777pt too wide) in paragraph at lines 275--275
[][] 
 []

File: fig/holmy.png Graphic file (type bmp)
<fig/holmy.png>

Overfull \hbox (2.05777pt too wide) in paragraph at lines 282--282
[][] 
 []

File: fig/rosia.png Graphic file (type bmp)
<fig/rosia.png>

Overfull \hbox (2.05777pt too wide) in paragraph at lines 284--284
[][] 
 []

File: fig/holmy.png Graphic file (type bmp)
<fig/holmy.png>

Overfull \hbox (2.05777pt too wide) in paragraph at lines 287--287
[][] 
 []

File: fig/tsukino.png Graphic file (type bmp)
<fig/tsukino.png>

Overfull \hbox (2.05777pt too wide) in paragraph at lines 289--289
[][] 
 []

File: fig/holmy.png Graphic file (type bmp)
<fig/holmy.png>

Overfull \hbox (2.05777pt too wide) in paragraph at lines 291--291
[][] 
 []

File: fig/rosia.png Graphic file (type bmp)
<fig/rosia.png>

Overfull \hbox (2.05777pt too wide) in paragraph at lines 292--292
[][] 
 []

File: fig/holmy.png Graphic file (type bmp)
<fig/holmy.png>

Overfull \hbox (2.05777pt too wide) in paragraph at lines 299--299
[][] 
 []


Package Fancyhdr Warning: \footskip is too small (0.0pt): 
 Make it at least 11.19995pt.
 We now make it that large for the rest of the document.
 This may cause the page layout to be inconsistent, however.

[14]
File: fig/rosia.png Graphic file (type bmp)
<fig/rosia.png>

Overfull \hbox (2.05777pt too wide) in paragraph at lines 306--306
[][] 
 []

File: fig/holmy.png Graphic file (type bmp)
<fig/holmy.png>

Overfull \hbox (2.05777pt too wide) in paragraph at lines 310--310
[][] 
 []

File: fig/rosia.png Graphic file (type bmp)
<fig/rosia.png>

Overfull \hbox (2.05777pt too wide) in paragraph at lines 313--313
[][] 
 []

File: fig/holmy.png Graphic file (type bmp)
<fig/holmy.png>

Overfull \hbox (2.05777pt too wide) in paragraph at lines 314--314
[][] 
 []

[15])

Package Fancyhdr Warning: \footskip is too small (0.0pt): 
 Make it at least 11.19995pt.
 We now make it that large for the rest of the document.
 This may cause the page layout to be inconsistent, however.

[16] (./section2_0.tex

Package hyperref Warning: Token not allowed in a PDF string (PDFDocEncoding):
(hyperref)                removing `math shift' on input line 1.


Package hyperref Warning: Token not allowed in a PDF string (PDFDocEncoding):
(hyperref)                removing `\heartsuit' on input line 1.


Package hyperref Warning: Token not allowed in a PDF string (PDFDocEncoding):
(hyperref)                removing `math shift' on input line 1.

File: fig/holmy.png Graphic file (type bmp)
<fig/holmy.png>

Overfull \hbox (2.05777pt too wide) in paragraph at lines 4--4
[][] 
 []

File: fig/rosia.png Graphic file (type bmp)
<fig/rosia.png>

Overfull \hbox (2.05777pt too wide) in paragraph at lines 5--5
[][] 
 []

File: fig/jacklyn.png Graphic file (type bmp)
<fig/jacklyn.png>

Overfull \hbox (2.05777pt too wide) in paragraph at lines 6--6
[][] 
 []

File: fig/tsukino.png Graphic file (type bmp)
<fig/tsukino.png>

Overfull \hbox (2.05777pt too wide) in paragraph at lines 7--7
[][] 
 []

File: fig/holmy.png Graphic file (type bmp)
<fig/holmy.png>

Overfull \hbox (2.05777pt too wide) in paragraph at lines 13--13
[][] 
 []

File: fig/2_0_gfunc.png Graphic file (type bmp)
<fig/2_0_gfunc.png>
File: fig/jacklyn.png Graphic file (type bmp)
<fig/jacklyn.png>

Overfull \hbox (2.05777pt too wide) in paragraph at lines 17--17
[][] 
 []

File: fig/holmy.png Graphic file (type bmp)
<fig/holmy.png>

Overfull \hbox (2.05777pt too wide) in paragraph at lines 23--23
[][] 
 []

File: fig/holmy.png Graphic file (type bmp)
<fig/holmy.png>

Overfull \hbox (2.05777pt too wide) in paragraph at lines 34--34
[][] 
 []

[17]
File: fig/2_0_g_ave_speed.png Graphic file (type bmp)
<fig/2_0_g_ave_speed.png>
File: fig/rosia.png Graphic file (type bmp)
<fig/rosia.png>

Overfull \hbox (2.05777pt too wide) in paragraph at lines 39--39
[][] 
 []

File: fig/holmy.png Graphic file (type bmp)
<fig/holmy.png>

Overfull \hbox (2.05777pt too wide) in paragraph at lines 57--57
[][] 
 []


Package Fancyhdr Warning: \footskip is too small (0.0pt): 
 Make it at least 11.19995pt.
 We now make it that large for the rest of the document.
 This may cause the page layout to be inconsistent, however.

[18]
File: fig/2_0_g_diff.png Graphic file (type bmp)
<fig/2_0_g_diff.png>
File: fig/jacklyn.png Graphic file (type bmp)
<fig/jacklyn.png>

Overfull \hbox (2.05777pt too wide) in paragraph at lines 61--61
[][] 
 []

File: fig/holmy.png Graphic file (type bmp)
<fig/holmy.png>

Overfull \hbox (2.05777pt too wide) in paragraph at lines 67--67
[][] 
 []

File: fig/holmy.png Graphic file (type bmp)
<fig/holmy.png>

Overfull \hbox (2.05777pt too wide) in paragraph at lines 75--75
[][] 
 []

File: fig/jacklyn.png Graphic file (type bmp)
<fig/jacklyn.png>

Overfull \hbox (2.05777pt too wide) in paragraph at lines 76--76
[][] 
 []

File: fig/tsukino.png Graphic file (type bmp)
<fig/tsukino.png>

Overfull \hbox (2.05777pt too wide) in paragraph at lines 77--77
[][] 
 []

File: fig/holmy.png Graphic file (type bmp)
<fig/holmy.png>

Overfull \hbox (2.05777pt too wide) in paragraph at lines 80--80
[][] 
 []

File: fig/rosia.png Graphic file (type bmp)
<fig/rosia.png>

Overfull \hbox (2.05777pt too wide) in paragraph at lines 84--84
[][] 
 []

File: fig/holmy.png Graphic file (type bmp)
<fig/holmy.png>

Overfull \hbox (2.05777pt too wide) in paragraph at lines 85--85
[][] 
 []

[19]
File: fig/holmy.png Graphic file (type bmp)
<fig/holmy.png>

Overfull \hbox (2.05777pt too wide) in paragraph at lines 87--87
[][] 
 []


Package Fancyhdr Warning: \footskip is too small (0.0pt): 
 Make it at least 11.19995pt.
 We now make it that large for the rest of the document.
 This may cause the page layout to be inconsistent, however.

[20]
File: fig/holmy.png Graphic file (type bmp)
<fig/holmy.png>

Overfull \hbox (2.05777pt too wide) in paragraph at lines 94--94
[][] 
 []

File: fig/jacklyn.png Graphic file (type bmp)
<fig/jacklyn.png>

Overfull \hbox (2.05777pt too wide) in paragraph at lines 99--99
[][] 
 []

File: fig/rosia.png Graphic file (type bmp)
<fig/rosia.png>

Overfull \hbox (2.05777pt too wide) in paragraph at lines 100--100
[][] 
 []

File: fig/holmy.png Graphic file (type bmp)
<fig/holmy.png>

Overfull \hbox (2.05777pt too wide) in paragraph at lines 101--101
[][] 
 []

File: fig/holmy.png Graphic file (type bmp)
<fig/holmy.png>

Overfull \hbox (2.05777pt too wide) in paragraph at lines 103--103
[][] 
 []

File: fig/tsukino.png Graphic file (type bmp)
<fig/tsukino.png>

Overfull \hbox (2.05777pt too wide) in paragraph at lines 119--119
[][] 
 []

File: fig/holmy.png Graphic file (type bmp)
<fig/holmy.png>

Overfull \hbox (2.05777pt too wide) in paragraph at lines 120--120
[][] 
 []

LaTeX Font Info:    Font shape `JT1/mc/bx/n' in size <8> not available
(Font)              Font shape `JT1/gt/m/n' tried instead on input line 123.
LaTeX Font Info:    Font shape `JT1/gt/m/n' will be
(Font)              scaled to size 7.68799pt on input line 123.
LaTeX Font Info:    Font shape `JY1/mc/bx/n' in size <8> not available
(Font)              Font shape `JY1/gt/m/n' tried instead on input line 123.
LaTeX Font Info:    Font shape `JY1/gt/m/n' will be
(Font)              scaled to size 7.68799pt on input line 123.
[21]
File: fig/tsukino.png Graphic file (type bmp)
<fig/tsukino.png>

Overfull \hbox (2.05777pt too wide) in paragraph at lines 140--140
[][] 
 []

File: fig/holmy.png Graphic file (type bmp)
<fig/holmy.png>

Overfull \hbox (2.05777pt too wide) in paragraph at lines 141--141
[][] 
 []

File: fig/rosia.png Graphic file (type bmp)
<fig/rosia.png>

Overfull \hbox (2.05777pt too wide) in paragraph at lines 142--142
[][] 
 []

File: fig/holmy.png Graphic file (type bmp)
<fig/holmy.png>

Overfull \hbox (2.05777pt too wide) in paragraph at lines 166--166
[][] 
 []

File: fig/rosia.png Graphic file (type bmp)
<fig/rosia.png>

Overfull \hbox (2.05777pt too wide) in paragraph at lines 168--168
[][] 
 []

File: fig/jacklyn.png Graphic file (type bmp)
<fig/jacklyn.png>

Overfull \hbox (2.05777pt too wide) in paragraph at lines 169--169
[][] 
 []

File: fig/holmy.png Graphic file (type bmp)
<fig/holmy.png>

Overfull \hbox (2.05777pt too wide) in paragraph at lines 178--178
[][] 
 []

File: fig/jacklyn.png Graphic file (type bmp)
<fig/jacklyn.png>

Overfull \hbox (2.05777pt too wide) in paragraph at lines 179--179
[][] 
 []

File: fig/holmy.png Graphic file (type bmp)
<fig/holmy.png>

Overfull \hbox (2.05777pt too wide) in paragraph at lines 181--181
[][] 
 []

File: fig/rosia.png Graphic file (type bmp)
<fig/rosia.png>

Overfull \hbox (2.05777pt too wide) in paragraph at lines 183--183
[][] 
 []

File: fig/holmy.png Graphic file (type bmp)
<fig/holmy.png>

Overfull \hbox (2.05777pt too wide) in paragraph at lines 184--184
[][] 
 []

File: fig/rosia.png Graphic file (type bmp)
<fig/rosia.png>

Overfull \hbox (2.05777pt too wide) in paragraph at lines 185--185
[][] 
 []

File: fig/holmy.png Graphic file (type bmp)
<fig/holmy.png>

Overfull \hbox (2.05777pt too wide) in paragraph at lines 195--195
[][] 
 []

File: fig/tsukino.png Graphic file (type bmp)
<fig/tsukino.png>

Overfull \hbox (2.05777pt too wide) in paragraph at lines 196--196
[][] 
 []

File: fig/holmy.png Graphic file (type bmp)
<fig/holmy.png>

Overfull \hbox (2.05777pt too wide) in paragraph at lines 206--206
[][] 
 []

File: fig/jacklyn.png Graphic file (type bmp)
<fig/jacklyn.png>

Overfull \hbox (2.05777pt too wide) in paragraph at lines 207--207
[][] 
 []

File: fig/rosia.png Graphic file (type bmp)
<fig/rosia.png>

Overfull \hbox (2.05777pt too wide) in paragraph at lines 208--208
[][] 
 []

File: fig/holmy.png Graphic file (type bmp)
<fig/holmy.png>

Overfull \hbox (2.05777pt too wide) in paragraph at lines 209--209
[][] 
 []

File: fig/jacklyn.png Graphic file (type bmp)
<fig/jacklyn.png>

Overfull \hbox (2.05777pt too wide) in paragraph at lines 210--210
[][] 
 []

File: fig/tsukino.png Graphic file (type bmp)
<fig/tsukino.png>

Overfull \hbox (2.05777pt too wide) in paragraph at lines 211--211
[][] 
 []

File: fig/holmy.png Graphic file (type bmp)
<fig/holmy.png>

Overfull \hbox (2.05777pt too wide) in paragraph at lines 212--212
[][] 
 []


Package Fancyhdr Warning: \footskip is too small (0.0pt): 
 Make it at least 11.19995pt.
 We now make it that large for the rest of the document.
 This may cause the page layout to be inconsistent, however.

[22] [23]

Package Fancyhdr Warning: \footskip is too small (0.0pt): 
 Make it at least 11.19995pt.
 We now make it that large for the rest of the document.
 This may cause the page layout to be inconsistent, however.

[24]
File: fig/holmy.png Graphic file (type bmp)
<fig/holmy.png>

Overfull \hbox (2.05777pt too wide) in paragraph at lines 217--217
[][] 
 []

File: fig/rosia.png Graphic file (type bmp)
<fig/rosia.png>

Overfull \hbox (2.05777pt too wide) in paragraph at lines 219--219
[][] 
 []

File: fig/holmy.png Graphic file (type bmp)
<fig/holmy.png>

Overfull \hbox (2.05777pt too wide) in paragraph at lines 232--232
[][] 
 []

File: fig/tsukino.png Graphic file (type bmp)
<fig/tsukino.png>

Overfull \hbox (2.05777pt too wide) in paragraph at lines 236--236
[][] 
 []

File: fig/holmy.png Graphic file (type bmp)
<fig/holmy.png>

Overfull \hbox (2.05777pt too wide) in paragraph at lines 245--245
[][] 
 []

[25]
File: fig/2_0_minmax.png Graphic file (type bmp)
<fig/2_0_minmax.png>
File: fig/jacklyn.png Graphic file (type bmp)
<fig/jacklyn.png>

Overfull \hbox (2.05777pt too wide) in paragraph at lines 249--249
[][] 
 []

File: fig/holmy.png Graphic file (type bmp)
<fig/holmy.png>

Overfull \hbox (2.05777pt too wide) in paragraph at lines 250--250
[][] 
 []

File: fig/holmy.png Graphic file (type bmp)
<fig/holmy.png>

Overfull \hbox (2.05777pt too wide) in paragraph at lines 253--253
[][] 
 []


Package Fancyhdr Warning: \footskip is too small (0.0pt): 
 Make it at least 11.19995pt.
 We now make it that large for the rest of the document.
 This may cause the page layout to be inconsistent, however.

[26])
Package atveryend Info: Empty hook `BeforeClearDocument' on input line 109.
Package atveryend Info: Empty hook `AfterLastShipout' on input line 109.
 (./sample_booth.aux)
Package atveryend Info: Empty hook `AtVeryEndDocument' on input line 109.
Package atveryend Info: Executing hook `AtEndAfterFileList' on input line 109.
Package rerunfilecheck Info: File `sample_booth.out' has not changed.
(rerunfilecheck)             Checksum: 2D57B521B5A807A655583CD91C323603;666.
 ) 
Here is how much of TeX's memory you used:
 9715 strings out of 493249
 133853 string characters out of 6146370
 272577 words of memory out of 5000000
 13472 multiletter control sequences out of 15000+600000
 25028 words of font info for 113 fonts, out of 8000000 for 9000
 934 hyphenation exceptions out of 8191
 33i,16n,43p,813b,418s stack positions out of 5000i,500n,10000p,500000b,80000s

Output written on sample_booth.dvi (26 pages, 96052 bytes).
